TN:
SF:src/models/Class.ts
FN:10,(anonymous_0)
FN:18,(anonymous_1)
FN:22,(anonymous_2)
FN:26,(anonymous_3)
FN:30,(anonymous_4)
FN:35,(anonymous_5)
FN:40,(anonymous_6)
FN:44,(anonymous_7)
FN:48,(anonymous_8)
FN:53,(anonymous_9)
FN:65,(anonymous_10)
FN:66,(anonymous_11)
FN:78,(anonymous_12)
FN:79,(anonymous_13)
FN:85,(anonymous_14)
FN:86,(anonymous_15)
FN:90,(anonymous_16)
FN:96,(anonymous_17)
FN:101,(anonymous_18)
FN:103,(anonymous_19)
FN:104,(anonymous_20)
FNF:21
FNH:0
FNDA:0,(anonymous_0)
FNDA:0,(anonymous_1)
FNDA:0,(anonymous_2)
FNDA:0,(anonymous_3)
FNDA:0,(anonymous_4)
FNDA:0,(anonymous_5)
FNDA:0,(anonymous_6)
FNDA:0,(anonymous_7)
FNDA:0,(anonymous_8)
FNDA:0,(anonymous_9)
FNDA:0,(anonymous_10)
FNDA:0,(anonymous_11)
FNDA:0,(anonymous_12)
FNDA:0,(anonymous_13)
FNDA:0,(anonymous_14)
FNDA:0,(anonymous_15)
FNDA:0,(anonymous_16)
FNDA:0,(anonymous_17)
FNDA:0,(anonymous_18)
FNDA:0,(anonymous_19)
FNDA:0,(anonymous_20)
DA:2,2
DA:4,2
DA:11,0
DA:12,0
DA:13,0
DA:14,0
DA:19,0
DA:23,0
DA:27,0
DA:31,0
DA:36,0
DA:41,0
DA:45,0
DA:49,0
DA:55,0
DA:56,0
DA:57,0
DA:60,0
DA:61,0
DA:62,0
DA:66,0
DA:67,0
DA:70,0
DA:71,0
DA:74,0
DA:75,0
DA:79,0
DA:80,0
DA:86,0
DA:91,0
DA:96,0
DA:102,0
DA:104,0
DA:105,0
DA:106,0
DA:108,0
DA:112,0
LF:37
LH:2
BRDA:10,0,0,0
BRDA:56,1,0,0
BRDA:56,1,1,0
BRDA:70,2,0,0
BRDA:70,2,1,0
BRDA:102,3,0,0
BRDA:102,3,1,0
BRDA:105,4,0,0
BRDA:105,4,1,0
BRF:9
BRH:0
end_of_record
TN:
SF:src/models/Classes.ts
FN:7,(anonymous_0)
FN:12,(anonymous_1)
FN:23,(anonymous_2)
FN:24,(anonymous_3)
FN:35,(anonymous_4)
FN:52,(anonymous_5)
FN:59,(anonymous_6)
FN:70,(anonymous_7)
FN:85,(anonymous_8)
FN:86,(anonymous_9)
FN:90,(anonymous_10)
FN:95,(anonymous_11)
FN:100,(anonymous_12)
FN:101,(anonymous_13)
FN:105,(anonymous_14)
FN:106,(anonymous_15)
FN:110,(anonymous_16)
FN:114,(anonymous_17)
FN:115,(anonymous_18)
FNF:19
FNH:2
FNDA:2,(anonymous_0)
FNDA:0,(anonymous_1)
FNDA:0,(anonymous_2)
FNDA:0,(anonymous_3)
FNDA:0,(anonymous_4)
FNDA:0,(anonymous_5)
FNDA:0,(anonymous_6)
FNDA:0,(anonymous_7)
FNDA:0,(anonymous_8)
FNDA:0,(anonymous_9)
FNDA:23,(anonymous_10)
FNDA:0,(anonymous_11)
FNDA:0,(anonymous_12)
FNDA:0,(anonymous_13)
FNDA:0,(anonymous_14)
FNDA:0,(anonymous_15)
FNDA:0,(anonymous_16)
FNDA:0,(anonymous_17)
FNDA:0,(anonymous_18)
DA:4,2
DA:5,2
DA:14,0
DA:15,0
DA:18,0
DA:19,0
DA:24,0
DA:26,0
DA:27,0
DA:30,0
DA:31,0
DA:36,0
DA:38,0
DA:39,0
DA:43,0
DA:44,0
DA:45,0
DA:48,0
DA:49,0
DA:52,0
DA:53,0
DA:54,0
DA:56,0
DA:58,0
DA:59,0
DA:60,0
DA:64,0
DA:65,0
DA:66,0
DA:67,0
DA:69,0
DA:70,0
DA:71,0
DA:76,0
DA:81,0
DA:86,0
DA:91,23
DA:96,0
DA:101,0
DA:106,0
DA:111,0
DA:112,0
DA:114,0
DA:115,0
DA:116,0
DA:117,0
DA:118,0
DA:123,0
LF:48
LH:3
BRDA:14,0,0,0
BRDA:14,0,1,0
BRDA:26,1,0,0
BRDA:26,1,1,0
BRDA:38,2,0,0
BRDA:38,2,1,0
BRDA:56,3,0,0
BRDA:56,3,1,0
BRDA:67,4,0,0
BRDA:67,4,1,0
BRDA:116,5,0,0
BRDA:116,5,1,0
BRF:12
BRH:0
end_of_record
TN:
SF:src/models/Enrollment.ts
FN:11,(anonymous_0)
FN:19,(anonymous_1)
FN:23,(anonymous_2)
FN:27,(anonymous_3)
FN:32,(anonymous_4)
FN:37,(anonymous_5)
FN:42,(anonymous_6)
FN:47,(anonymous_7)
FN:52,(anonymous_8)
FN:57,(anonymous_9)
FN:62,(anonymous_10)
FN:67,(anonymous_11)
FN:68,(anonymous_12)
FN:77,(anonymous_13)
FN:78,(anonymous_14)
FN:87,(anonymous_15)
FN:88,(anonymous_16)
FN:92,(anonymous_17)
FN:95,(anonymous_18)
FN:103,(anonymous_19)
FN:111,(anonymous_20)
FNF:21
FNH:0
FNDA:0,(anonymous_0)
FNDA:0,(anonymous_1)
FNDA:0,(anonymous_2)
FNDA:0,(anonymous_3)
FNDA:0,(anonymous_4)
FNDA:0,(anonymous_5)
FNDA:0,(anonymous_6)
FNDA:0,(anonymous_7)
FNDA:0,(anonymous_8)
FNDA:0,(anonymous_9)
FNDA:0,(anonymous_10)
FNDA:0,(anonymous_11)
FNDA:0,(anonymous_12)
FNDA:0,(anonymous_13)
FNDA:0,(anonymous_14)
FNDA:0,(anonymous_15)
FNDA:0,(anonymous_16)
FNDA:0,(anonymous_17)
FNDA:0,(anonymous_18)
FNDA:0,(anonymous_19)
FNDA:0,(anonymous_20)
DA:2,2
DA:4,2
DA:12,0
DA:13,0
DA:14,0
DA:15,0
DA:16,0
DA:20,0
DA:24,0
DA:28,0
DA:33,0
DA:38,0
DA:43,0
DA:48,0
DA:53,0
DA:58,0
DA:63,0
DA:68,0
DA:69,0
DA:70,0
DA:72,0
DA:78,0
DA:79,0
DA:80,0
DA:81,0
DA:83,0
DA:88,0
DA:93,0
DA:95,0
DA:110,0
DA:111,0
DA:114,0
DA:115,0
DA:116,0
DA:118,0
LF:35
LH:2
BRDA:11,0,0,0
BRDA:11,1,0,0
BRDA:11,2,0,0
BRDA:11,3,0,0
BRDA:69,4,0,0
BRDA:69,4,1,0
BRDA:79,5,0,0
BRDA:79,5,1,0
BRDA:110,6,0,0
BRDA:110,6,1,0
BRDA:114,7,0,0
BRDA:114,7,1,0
BRDA:115,8,0,0
BRDA:115,8,1,0
BRDA:116,9,0,0
BRDA:116,9,1,0
BRF:16
BRH:0
end_of_record
TN:
SF:src/models/Evaluation.ts
FN:7,(anonymous_0)
FN:12,(anonymous_1)
FN:16,(anonymous_2)
FN:20,(anonymous_3)
FN:24,(anonymous_4)
FN:31,(anonymous_5)
FNF:6
FNH:0
FNDA:0,(anonymous_0)
FNDA:0,(anonymous_1)
FNDA:0,(anonymous_2)
FNDA:0,(anonymous_3)
FNDA:0,(anonymous_4)
FNDA:0,(anonymous_5)
DA:3,2
DA:8,0
DA:9,0
DA:13,0
DA:17,0
DA:21,0
DA:25,0
DA:32,0
DA:36,2
LF:9
LH:2
BRF:0
BRH:0
end_of_record
TN:
SF:src/models/Flashcard.ts
FN:2,(anonymous_0)
FN:8,(anonymous_1)
FN:12,(anonymous_2)
FN:16,(anonymous_3)
FN:20,(anonymous_4)
FN:24,(anonymous_5)
FN:28,(anonymous_6)
FN:36,(anonymous_7)
FNF:8
FNH:3
FNDA:19,(anonymous_0)
FNDA:18,(anonymous_1)
FNDA:0,(anonymous_2)
FNDA:0,(anonymous_3)
FNDA:0,(anonymous_4)
FNDA:0,(anonymous_5)
FNDA:38,(anonymous_6)
FNDA:0,(anonymous_7)
DA:1,3
DA:3,19
DA:4,19
DA:5,19
DA:9,18
DA:13,0
DA:17,0
DA:21,0
DA:25,0
DA:29,38
DA:37,0
LF:11
LH:6
BRF:0
BRH:0
end_of_record
TN:
SF:src/models/FlashcardSet.ts
FN:3,(anonymous_0)
FN:7,(anonymous_1)
FN:8,(anonymous_2)
FN:11,(anonymous_3)
FN:17,(anonymous_4)
FN:18,(anonymous_5)
FNF:6
FNH:6
FNDA:11,(anonymous_0)
FNDA:13,(anonymous_1)
FNDA:19,(anonymous_2)
FNDA:19,(anonymous_3)
FNDA:8,(anonymous_4)
FNDA:18,(anonymous_5)
DA:1,3
DA:3,3
DA:4,11
DA:5,11
DA:8,19
DA:12,19
DA:13,19
DA:14,19
DA:18,18
DA:19,8
DA:20,6
DA:21,6
LF:12
LH:12
BRDA:19,0,0,2
BRDA:19,0,1,6
BRF:2
BRH:2
end_of_record
TN:
SF:src/models/Student.ts
FN:4,(anonymous_0)
FN:14,(anonymous_1)
FN:18,(anonymous_2)
FN:24,(anonymous_3)
FN:32,(anonymous_4)
FN:37,(anonymous_5)
FN:42,(anonymous_6)
FNF:7
FNH:7
FNDA:114,(anonymous_0)
FNDA:114,(anonymous_1)
FNDA:114,(anonymous_2)
FNDA:86,(anonymous_3)
FNDA:29,(anonymous_4)
FNDA:29,(anonymous_5)
FNDA:19,(anonymous_6)
DA:3,3
DA:5,114
DA:6,114
DA:7,114
DA:9,114
DA:10,114
DA:11,86
DA:15,114
DA:19,114
DA:20,28
DA:25,86
DA:26,86
DA:27,26
DA:33,29
DA:38,29
DA:43,19
LF:16
LH:16
BRDA:19,0,0,28
BRDA:19,0,1,86
BRDA:19,1,0,114
BRDA:19,1,1,91
BRDA:26,2,0,26
BRDA:26,2,1,60
BRF:6
BRH:6
end_of_record
TN:
SF:src/models/StudentSet.ts
FN:6,(anonymous_0)
FN:11,(anonymous_1)
FN:22,(anonymous_2)
FN:23,(anonymous_3)
FN:34,(anonymous_4)
FN:50,(anonymous_5)
FN:51,(anonymous_6)
FN:55,(anonymous_7)
FN:60,(anonymous_8)
FNF:9
FNH:8
FNDA:2,(anonymous_0)
FNDA:17,(anonymous_1)
FNDA:16,(anonymous_2)
FNDA:16,(anonymous_3)
FNDA:1,(anonymous_4)
FNDA:18,(anonymous_5)
FNDA:18,(anonymous_6)
FNDA:23,(anonymous_7)
FNDA:0,(anonymous_8)
DA:3,2
DA:4,2
DA:13,17
DA:14,1
DA:17,16
DA:18,16
DA:23,16
DA:25,16
DA:26,0
DA:29,16
DA:30,16
DA:36,1
DA:38,1
DA:39,0
DA:43,1
DA:44,1
DA:48,1
DA:51,18
DA:56,23
DA:61,0
LF:20
LH:17
BRDA:13,0,0,1
BRDA:13,0,1,16
BRDA:25,1,0,0
BRDA:25,1,1,16
BRDA:38,2,0,0
BRDA:38,2,1,1
BRF:6
BRH:4
end_of_record
