{"/home/galm/Documentos/teachingassistant-frontend-grupo7/client/src/components/FlashcardForm.tsx": {"path":"/home/galm/Documentos/teachingassistant-frontend-grupo7/client/src/components/FlashcardForm.tsx","statementMap":{"0":{"start":{"line":6,"column":28},"end":{"line":6,"column":46}},"1":{"start":{"line":9,"column":26},"end":{"line":9,"column":44}},"2":{"start":{"line":12,"column":42},"end":{"line":12,"column":63}},"3":{"start":{"line":15,"column":23},"end":{"line":24,"column":3}},"4":{"start":{"line":16,"column":4},"end":{"line":16,"column":23}},"5":{"start":{"line":17,"column":4},"end":{"line":17,"column":46}},"6":{"start":{"line":17,"column":39},"end":{"line":17,"column":46}},"7":{"start":{"line":19,"column":4},"end":{"line":19,"column":26}},"8":{"start":{"line":20,"column":4},"end":{"line":20,"column":23}},"9":{"start":{"line":21,"column":4},"end":{"line":21,"column":17}},"10":{"start":{"line":22,"column":4},"end":{"line":22,"column":16}},"11":{"start":{"line":23,"column":4},"end":{"line":23,"column":27}},"12":{"start":{"line":27,"column":18},"end":{"line":27,"column":67}},"13":{"start":{"line":29,"column":2},"end":{"line":74,"column":4}},"14":{"start":{"line":42,"column":29},"end":{"line":42,"column":53}},"15":{"start":{"line":57,"column":29},"end":{"line":57,"column":52}}},"fnMap":{"0":{"name":"FlashcardForm","decl":{"start":{"line":4,"column":24},"end":{"line":4,"column":37}},"loc":{"start":{"line":4,"column":70},"end":{"line":75,"column":1}},"line":4},"1":{"name":"(anonymous_1)","decl":{"start":{"line":15,"column":23},"end":{"line":15,"column":24}},"loc":{"start":{"line":15,"column":47},"end":{"line":24,"column":3}},"line":15},"2":{"name":"(anonymous_2)","decl":{"start":{"line":42,"column":22},"end":{"line":42,"column":23}},"loc":{"start":{"line":42,"column":29},"end":{"line":42,"column":53}},"line":42},"3":{"name":"(anonymous_3)","decl":{"start":{"line":57,"column":22},"end":{"line":57,"column":23}},"loc":{"start":{"line":57,"column":29},"end":{"line":57,"column":52}},"line":57}},"branchMap":{"0":{"loc":{"start":{"line":17,"column":4},"end":{"line":17,"column":46}},"type":"if","locations":[{"start":{"line":17,"column":4},"end":{"line":17,"column":46}},{"start":{},"end":{}}],"line":17},"1":{"loc":{"start":{"line":17,"column":8},"end":{"line":17,"column":37}},"type":"binary-expr","locations":[{"start":{"line":17,"column":8},"end":{"line":17,"column":21}},{"start":{"line":17,"column":25},"end":{"line":17,"column":37}}],"line":17},"2":{"loc":{"start":{"line":27,"column":18},"end":{"line":27,"column":67}},"type":"binary-expr","locations":[{"start":{"line":27,"column":18},"end":{"line":27,"column":41}},{"start":{"line":27,"column":45},"end":{"line":27,"column":67}}],"line":27},"3":{"loc":{"start":{"line":68,"column":20},"end":{"line":68,"column":44}},"type":"binary-expr","locations":[{"start":{"line":68,"column":20},"end":{"line":68,"column":28}},{"start":{"line":68,"column":32},"end":{"line":68,"column":44}}],"line":68},"4":{"loc":{"start":{"line":70,"column":11},"end":{"line":70,"column":68}},"type":"cond-expr","locations":[{"start":{"line":70,"column":26},"end":{"line":70,"column":42}},{"start":{"line":70,"column":45},"end":{"line":70,"column":68}}],"line":70}},"s":{"0":489,"1":489,"2":489,"3":489,"4":5,"5":5,"6":0,"7":5,"8":5,"9":5,"10":5,"11":5,"12":489,"13":489,"14":324,"15":142},"f":{"0":489,"1":5,"2":324,"3":142},"b":{"0":[0,5],"1":[5,5],"2":[489,426],"3":[489,102],"4":[0,489]},"_coverageSchema":"1a1c01bbd47fc00a2c39e90264f33305004495a9","hash":"32e4686a110d31c7c27f8644756d73911f48385f"}
,"/home/galm/Documentos/teachingassistant-frontend-grupo7/client/src/services/FlashcardService.ts": {"path":"/home/galm/Documentos/teachingassistant-frontend-grupo7/client/src/services/FlashcardService.ts","statementMap":{"0":{"start":{"line":2,"column":20},"end":{"line":2,"column":58}},"1":{"start":{"line":5,"column":4},"end":{"line":18,"column":5}},"2":{"start":{"line":6,"column":18},"end":{"line":6,"column":43}},"3":{"start":{"line":7,"column":6},"end":{"line":9,"column":7}},"4":{"start":{"line":8,"column":8},"end":{"line":8,"column":61}},"5":{"start":{"line":10,"column":19},"end":{"line":10,"column":35}},"6":{"start":{"line":11,"column":6},"end":{"line":13,"column":7}},"7":{"start":{"line":12,"column":8},"end":{"line":12,"column":18}},"8":{"start":{"line":14,"column":6},"end":{"line":14,"column":30}},"9":{"start":{"line":16,"column":6},"end":{"line":16,"column":57}},"10":{"start":{"line":17,"column":6},"end":{"line":17,"column":18}},"11":{"start":{"line":22,"column":4},"end":{"line":39,"column":5}},"12":{"start":{"line":23,"column":18},"end":{"line":27,"column":8}},"13":{"start":{"line":28,"column":6},"end":{"line":30,"column":7}},"14":{"start":{"line":29,"column":8},"end":{"line":29,"column":61}},"15":{"start":{"line":31,"column":19},"end":{"line":31,"column":35}},"16":{"start":{"line":32,"column":6},"end":{"line":34,"column":7}},"17":{"start":{"line":33,"column":8},"end":{"line":33,"column":20}},"18":{"start":{"line":35,"column":6},"end":{"line":35,"column":30}},"19":{"start":{"line":37,"column":6},"end":{"line":37,"column":54}},"20":{"start":{"line":38,"column":6},"end":{"line":38,"column":18}},"21":{"start":{"line":43,"column":4},"end":{"line":58,"column":5}},"22":{"start":{"line":44,"column":18},"end":{"line":46,"column":8}},"23":{"start":{"line":47,"column":6},"end":{"line":49,"column":7}},"24":{"start":{"line":48,"column":8},"end":{"line":48,"column":61}},"25":{"start":{"line":50,"column":19},"end":{"line":50,"column":35}},"26":{"start":{"line":51,"column":6},"end":{"line":53,"column":7}},"27":{"start":{"line":52,"column":8},"end":{"line":52,"column":33}},"28":{"start":{"line":54,"column":6},"end":{"line":54,"column":30}},"29":{"start":{"line":56,"column":6},"end":{"line":56,"column":56}},"30":{"start":{"line":57,"column":6},"end":{"line":57,"column":18}}},"fnMap":{"0":{"name":"(anonymous_0)","decl":{"start":{"line":4,"column":2},"end":{"line":4,"column":3}},"loc":{"start":{"line":4,"column":17},"end":{"line":19,"column":3}},"line":4},"1":{"name":"(anonymous_1)","decl":{"start":{"line":21,"column":2},"end":{"line":21,"column":3}},"loc":{"start":{"line":21,"column":41},"end":{"line":40,"column":3}},"line":21},"2":{"name":"(anonymous_2)","decl":{"start":{"line":42,"column":2},"end":{"line":42,"column":3}},"loc":{"start":{"line":42,"column":27},"end":{"line":59,"column":3}},"line":42}},"branchMap":{"0":{"loc":{"start":{"line":7,"column":6},"end":{"line":9,"column":7}},"type":"if","locations":[{"start":{"line":7,"column":6},"end":{"line":9,"column":7}},{"start":{},"end":{}}],"line":7},"1":{"loc":{"start":{"line":11,"column":6},"end":{"line":13,"column":7}},"type":"if","locations":[{"start":{"line":11,"column":6},"end":{"line":13,"column":7}},{"start":{},"end":{}}],"line":11},"2":{"loc":{"start":{"line":28,"column":6},"end":{"line":30,"column":7}},"type":"if","locations":[{"start":{"line":28,"column":6},"end":{"line":30,"column":7}},{"start":{},"end":{}}],"line":28},"3":{"loc":{"start":{"line":32,"column":6},"end":{"line":34,"column":7}},"type":"if","locations":[{"start":{"line":32,"column":6},"end":{"line":34,"column":7}},{"start":{},"end":{}}],"line":32},"4":{"loc":{"start":{"line":47,"column":6},"end":{"line":49,"column":7}},"type":"if","locations":[{"start":{"line":47,"column":6},"end":{"line":49,"column":7}},{"start":{},"end":{}}],"line":47},"5":{"loc":{"start":{"line":51,"column":6},"end":{"line":53,"column":7}},"type":"if","locations":[{"start":{"line":51,"column":6},"end":{"line":53,"column":7}},{"start":{},"end":{}}],"line":51}},"s":{"0":13,"1":5,"2":5,"3":4,"4":1,"5":3,"6":3,"7":1,"8":2,"9":2,"10":2,"11":5,"12":5,"13":4,"14":1,"15":3,"16":3,"17":1,"18":2,"19":2,"20":2,"21":5,"22":5,"23":4,"24":1,"25":3,"26":3,"27":1,"28":2,"29":2,"30":2},"f":{"0":5,"1":5,"2":5},"b":{"0":[1,3],"1":[1,2],"2":[1,3],"3":[1,2],"4":[1,3],"5":[1,2]},"_coverageSchema":"1a1c01bbd47fc00a2c39e90264f33305004495a9","hash":"0dc2b03859318bfc197fa5eb1433636df1ea6272"}
}
