TN:
SF:src/components/FlashcardForm.tsx
FN:4,FlashcardForm
FN:15,(anonymous_1)
FN:42,(anonymous_2)
FN:57,(anonymous_3)
FNF:4
FNH:4
FNDA:489,FlashcardForm
FNDA:5,(anonymous_1)
FNDA:324,(anonymous_2)
FNDA:142,(anonymous_3)
DA:6,489
DA:9,489
DA:12,489
DA:15,489
DA:16,5
DA:17,5
DA:19,5
DA:20,5
DA:21,5
DA:22,5
DA:23,5
DA:27,489
DA:29,489
DA:42,324
DA:57,142
LF:15
LH:15
BRDA:17,0,0,0
BRDA:17,0,1,5
BRDA:17,1,0,5
BRDA:17,1,1,5
BRDA:27,2,0,489
BRDA:27,2,1,426
BRDA:68,3,0,489
BRDA:68,3,1,102
BRDA:70,4,0,0
BRDA:70,4,1,489
BRF:10
BRH:8
end_of_record
TN:
SF:src/services/FlashcardService.ts
FN:4,(anonymous_0)
FN:21,(anonymous_1)
FN:42,(anonymous_2)
FNF:3
FNH:3
FNDA:5,(anonymous_0)
FNDA:5,(anonymous_1)
FNDA:5,(anonymous_2)
DA:2,13
DA:5,5
DA:6,5
DA:7,4
DA:8,1
DA:10,3
DA:11,3
DA:12,1
DA:14,2
DA:16,2
DA:17,2
DA:22,5
DA:23,5
DA:28,4
DA:29,1
DA:31,3
DA:32,3
DA:33,1
DA:35,2
DA:37,2
DA:38,2
DA:43,5
DA:44,5
DA:47,4
DA:48,1
DA:50,3
DA:51,3
DA:52,1
DA:54,2
DA:56,2
DA:57,2
LF:31
LH:31
BRDA:7,0,0,1
BRDA:7,0,1,3
BRDA:11,1,0,1
BRDA:11,1,1,2
BRDA:28,2,0,1
BRDA:28,2,1,3
BRDA:32,3,0,1
BRDA:32,3,1,2
BRDA:47,4,0,1
BRDA:47,4,1,3
BRDA:51,5,0,1
BRDA:51,5,1,2
BRF:12
BRH:12
end_of_record
